[debug] ----------------------------------------------------------------------
[debug] Command:      /usr/local/bin/node /usr/local/bin/firebase deploy
[debug] CLI Version:  3.2.1
[debug] Platform:     darwin
[debug] Node Version: v6.9.4
[debug] Time:         Sat Mar 18 2017 11:06:44 GMT-0400 (EDT)
[debug] ----------------------------------------------------------------------
[debug] 
[debug] > command requires scopes: ["email","openid","https://www.googleapis.com/auth/cloudplatformprojects.readonly","https://www.googleapis.com/auth/firebase"]
[debug] >>> HTTP REQUEST GET https://admin.firebase.com/v1/projects/devfest2017-8f458 
[debug] <<< HTTP RESPONSE 200
[debug] >>> HTTP REQUEST GET https://admin.firebase.com/v1/database/devfest2017-8f458/tokens 
[debug] <<< HTTP RESPONSE 200
[info] 
[info] === Deploying to 'devfest2017-8f458'...
[info] 
[info] i  deploying database, hosting
[info] ✔  database: rules ready to deploy.
[info] i  hosting: preparing ./build/bundled directory for upload...
[debug] >>> HTTP REQUEST PUT https://deploy.firebase.com/v1/hosting/devfest2017-8f458/uploads/-KfWxDQ-FgT0o2SIqWXn?fileCount=326&message= 
[debug] ----------------------------------------------------------------------
[debug] Command:      /usr/local/bin/node /usr/local/bin/firebase deploy
[debug] CLI Version:  3.2.1
[debug] Platform:     darwin
[debug] Node Version: v6.9.4
[debug] Time:         Sat Mar 18 2017 11:13:36 GMT-0400 (EDT)
[debug] ----------------------------------------------------------------------
[debug] 
[debug] > command requires scopes: ["email","openid","https://www.googleapis.com/auth/cloudplatformprojects.readonly","https://www.googleapis.com/auth/firebase"]
[debug] >>> HTTP REQUEST GET https://admin.firebase.com/v1/projects/devfest2017-8f458 
[debug] <<< HTTP RESPONSE 200
[debug] >>> HTTP REQUEST GET https://admin.firebase.com/v1/database/devfest2017-8f458/tokens 
[debug] <<< HTTP RESPONSE 200
[info] 
[info] === Deploying to 'devfest2017-8f458'...
[info] 
[info] i  deploying database, hosting
[info] ✔  database: rules ready to deploy.
[info] i  hosting: preparing ./build/bundled directory for upload...
[debug] >>> HTTP REQUEST PUT https://deploy.firebase.com/v1/hosting/devfest2017-8f458/uploads/-KfWymeAM7FYDj_TgfOA?fileCount=329&message= 
[debug] Error: write EPIPE
    at exports._errnoException (util.js:1022:11)
    at WriteWrap.afterWrite (net.js:801:14)
[error] 
[error] Error: Server Error. write EPIPE
